Importance of components:
                         PC1     PC2     PC3     PC4     PC5     PC6     PC7
Standard deviation     1.620 1.27526 1.14773 1.07946 1.05468 1.04771 1.03719
Proportion of Variance 0.114 0.07071 0.05727 0.05066 0.04836 0.04773 0.04677
Cumulative Proportion  0.114 0.18476 0.24203 0.29269 0.34105 0.38878 0.43555
                           PC8     PC9    PC10   PC11   PC12    PC13    PC14
Standard deviation     1.03285 1.02515 1.02146 1.0162 1.0150 1.01193 1.01106
Proportion of Variance 0.04638 0.04569 0.04536 0.0449 0.0448 0.04452 0.04445
Cumulative Proportion  0.48193 0.52763 0.57299 0.6179 0.6627 0.70721 0.75165
                          PC15    PC16    PC17    PC18    PC19    PC20    PC21
Standard deviation     1.00773 1.00508 0.93432 0.89417 0.86609 0.75710 0.61840
Proportion of Variance 0.04415 0.04392 0.03795 0.03476 0.03261 0.02492 0.01663
Cumulative Proportion  0.79580 0.83973 0.87768 0.91244 0.94506 0.96998 0.98660
                          PC22    PC23
Standard deviation     0.51697 0.20209
Proportion of Variance 0.01162 0.00178
Cumulative Proportion  0.99822 1.00000
K-means clustering with 3 clusters of sizes 562, 494, 1088

Cluster means:
         SS        ACC       a_PB       b_PB       c_PB       d_PB       e_PB
1 5.1441281  0.3539481 0.03558719 0.10676157 0.08007117 0.04092527 0.01067616
2 0.3967611 -0.2466851 0.02429150 0.02024291 0.06680162 0.12550607 0.02024291
3 0.4338235 -0.0708239 0.04779412 0.02389706 0.09558824 0.17463235 0.02757353
        f_PB        g_PB        h_PB        i_PB        j_PB       k_PB
1 0.02491103 0.028469751 0.049822064 0.039145907 0.019572954 0.11743772
2 0.05465587 0.014170040 0.006072874 0.000000000 0.006072874 0.03846154
3 0.09099265 0.004595588 0.011029412 0.004595588 0.006433824 0.03952206
        l_PB      m_PB       n_PB       o_PB       p_PB      polar       ionic
1 0.10854093 0.1387900 0.03380783 0.07295374 0.07473310 -0.1176383  0.01305565
2 0.05060729 0.5060729 0.02024291 0.01214575 0.01012146  1.0326808  0.31335265
3 0.03952206 0.3354779 0.01194853 0.01194853 0.02481618 -0.4081172 -0.14901975
  hydrophobic         vdw  hydrogenB
1  -0.1043257 -0.09329707 -0.1159179
2   0.7482797  1.09064817  1.1267396
3  -0.2858632 -0.44701034 -0.4517128

Clustering vector:
   [1] 3 3 3 3 3 3 3 3 1 3 3 3 3 3 3 3 3 3 3 3 3 3 3 3 3 3 3 3 3 3 3 3 3 1 3 3 3
  [38] 3 3 1 1 1 1 1 1 3 2 3 3 3 3 1 1 1 3 3 3 2 3 2 3 3 2 1 1 2 3 2 3 3 3 2 2 2
  [75] 1 1 2 1 3 3 2 2 2 3 1 3 1 3 1 1 1 3 3 1 1 3 3 3 2 3 3 3 3 3 3 3 3 1 1 3 2
 [112] 1 1 1 1 3 1 3 2 3 3 3 3 3 1 1 3 3 3 3 3 1 1 1 2 3 3 2 3 3 1 1 3 3 3 1 1 3
 [149] 3 3 3 2 2 3 1 1 3 1 1 1 1 3 1 1 1 3 1 3 3 3 3 2 3 2 3 3 2 3 3 3 3 3 3 2 3
 [186] 3 1 3 2 3 1 1 3 3 3 2 3 3 1 1 1 3 3 3 3 1 1 3 1 1 2 3 2 2 3 1 1 3 3 3 3 3
 [223] 3 3 2 3 3 1 1 2 1 1 1 3 2 3 3 3 3 3 2 1 2 1 1 2 3 3 3 3 2 3 3 3 3 3 3 3 3
 [260] 3 3 3 3 3 3 3 1 1 1 3 3 3 3 3 3 3 3 3 3 3 3 1 1 3 1 1 1 3 1 1 1 1 1 1 3 3
 [297] 3 3 3 3 1 3 3 3 3 3 3 3 1 3 3 3 3 3 3 1 3 3 3 3 3 1 3 1 1 1 1 1 1 1 1 3 3
 [334] 1 1 3 3 3 1 3 3 3 3 1 3 1 1 3 3 3 1 1 3 3 1 3 3 1 1 1 3 3 3 3 3 3 3 3 3 3
 [371] 3 3 3 3 3 1 1 3 3 3 3 3 3 3 3 3 1 1 3 1 1 3 1 3 1 1 1 1 3 1 1 3 3 3 3 1 1
 [408] 3 3 3 3 3 3 3 3 3 3 3 3 3 1 1 1 1 1 3 2 3 1 1 1 1 1 2 2 2 3 1 1 1 2 2 2 2
 [445] 3 2 3 3 2 2 3 3 2 2 3 2 1 1 3 3 3 3 2 3 2 1 1 1 1 1 1 1 2 2 2 1 1 1 1 3 3
 [482] 1 1 1 1 1 3 1 1 3 1 3 3 2 2 1 1 3 1 1 1 3 2 2 3 3 3 2 3 1 3 2 3 2 1 1 3 3
 [519] 1 1 3 3 2 3 3 2 2 2 3 1 1 1 1 3 2 2 1 1 3 1 2 1 1 2 2 2 3 2 2 3 3 2 2 3 3
 [556] 3 3 3 3 3 3 3 1 1 3 3 3 3 3 2 2 3 3 3 3 3 1 1 2 2 3 2 3 1 1 1 1 2 3 1 2 1
 [593] 3 3 3 3 1 3 2 1 1 1 3 3 3 2 2 2 1 1 2 1 1 3 2 2 3 3 3 1 1 1 3 3 2 2 2 3 3
 [630] 1 2 3 2 3 2 2 1 1 1 1 1 1 1 3 3 2 2 3 3 3 3 3 3 2 3 3 2 3 3 2 3 3 1 1 1 2
 [667] 3 3 2 2 1 1 1 1 2 1 3 3 3 1 1 3 1 3 3 1 1 2 2 1 1 1 1 1 3 3 3 2 3 3 3 2 3
 [704] 3 3 3 3 2 2 2 3 3 2 2 2 3 2 3 2 3 1 1 2 1 3 1 3 3 3 3 3 3 3 3 3 3 3 3 1 3
 [741] 3 3 1 1 3 3 3 3 3 3 3 3 3 3 3 1 1 3 3 3 3 3 3 1 1 3 3 3 3 1 1 1 3 3 3 3 3
 [778] 1 1 3 3 3 3 3 3 3 3 3 3 1 3 3 3 3 3 3 3 3 3 1 1 3 3 3 3 3 3 3 3 3 3 3 3 3
 [815] 3 3 3 3 3 3 3 3 3 3 3 3 1 1 1 3 3 3 3 3 3 3 3 1 1 1 1 3 1 1 1 3 3 3 2 2 2
 [852] 2 3 3 3 3 3 3 2 3 3 3 2 3 3 3 3 3 3 3 2 2 2 1 2 3 1 1 1 1 3 3 3 1 1 3 3 3
 [889] 3 3 2 1 2 1 1 3 2 3 3 3 3 3 3 2 2 3 3 3 1 1 1 1 1 1 3 2 2 3 3 3 1 1 3 1 2
 [926] 2 3 3 2 2 2 1 1 1 1 1 1 3 1 1 1 1 2 3 3 2 2 3 2 3 3 2 2 2 3 2 3 2 3 3 1 3
 [963] 2 1 1 1 3 3 3 2 2 3 2 3 3 1 1 1 1 1 1 1 1 2 1 1 3 1 2 3 3 1 1 3 3 1 1 1 3
[1000] 1 3 3 3 3 1 1 1 3 2 3 3 3 3 3 3 2 2 3 3 1 1 3 2 3 3 2 3 3 3 3 3 3 1 1 1 3
[1037] 2 3 2 3 3 3 3 2 3 3 2 3 3 3 3 3 3 3 1 3 2 3 1 1 3 2 1 1 3 3 3 3 3 2 1 1 1
[1074] 2 3 2 3 2 2 3 3 3 2 2 2 3 2 2 2 3 3 1 3 1 1 3 3 2 2 3 3 3 2 2 2 2 2 2 3 2
[1111] 2 2 2 3 2 2 2 3 2 2 2 2 3 3 1 1 3 3 1 1 1 3 3 3 3 3 3 2 2 3 1 1 3 2 2 2 3
[1148] 3 2 2 2 2 3 2 3 2 2 3 2 3 3 2 1 1 1 1 2 3 3 1 1 2 2 2 3 2 3 3 2 2 2 3 3 2
[1185] 3 2 2 3 3 2 2 3 3 2 2 3 2 3 1 1 3 3 2 3 3 3 3 3 3 2 2 2 3 2 2 2 2 3 2 3 2
[1222] 3 3 2 3 3 3 3 3 1 1 3 3 3 2 3 3 3 1 1 3 3 3 3 2 3 3 3 3 3 2 2 3 2 2 3 3 3
[1259] 1 1 2 1 1 3 1 1 1 2 2 3 3 3 2 2 2 3 1 1 1 2 1 1 3 2 2 2 2 1 1 3 3 1 1 1 1
[1296] 3 3 3 3 2 3 2 3 3 3 3 3 3 2 2 2 3 2 2 3 3 3 2 1 1 3 3 3 2 2 2 3 2 1 1 1 1
[1333] 3 2 1 1 1 1 3 3 3 1 1 1 2 2 3 3 3 3 2 1 3 3 1 3 1 1 3 2 2 3 3 2 2 1 1 1 3
[1370] 3 3 2 3 3 3 2 3 2 3 3 3 3 2 1 1 3 1 1 3 2 2 3 2 2 3 2 3 1 2 2 1 1 1 1 3 1
[1407] 1 3 2 2 3 3 2 2 3 2 2 2 3 2 3 2 2 3 2 3 1 1 1 1 3 2 3 3 3 1 2 1 1 1 2 3 3
[1444] 3 3 3 1 1 2 2 1 2 3 3 3 3 3 3 3 3 3 3 3 3 3 3 3 3 3 3 3 3 3 3 3 3 3 3 3 1
[1481] 1 3 3 3 3 3 3 3 3 3 3 3 3 3 3 1 1 1 3 3 3 3 3 3 3 3 3 3 3 3 3 1 3 3 1 3 3
[1518] 1 1 1 3 3 3 3 3 1 1 1 1 1 3 3 3 3 3 3 3 3 3 3 3 3 1 1 1 1 3 3 2 3 3 3 2 1
[1555] 2 3 1 1 3 2 3 3 1 3 3 1 3 2 3 1 1 1 1 3 3 3 3 3 3 3 3 3 3 2 2 2 2 1 1 1 3
[1592] 3 1 1 3 3 3 3 3 1 1 3 2 3 2 3 2 2 3 2 2 3 3 2 1 2 1 1 2 3 3 3 3 1 1 2 3 2
[1629] 3 2 3 2 1 3 2 2 3 2 2 3 2 2 2 2 3 2 2 3 2 2 1 1 3 2 3 3 2 3 1 1 3 3 1 1 3
[1666] 2 2 3 2 2 1 1 1 2 3 3 3 2 3 2 3 3 2 1 1 1 1 1 3 3 2 2 3 3 3 2 3 3 1 1 3 3
[1703] 1 1 2 2 2 3 3 3 1 1 1 3 1 1 1 3 3 3 3 3 3 2 2 2 3 3 3 2 2 3 3 3 2 1 1 3 2
[1740] 2 3 2 2 3 1 2 1 1 1 1 1 3 2 3 3 2 2 2 3 3 3 3 3 3 1 1 1 2 2 3 2 2 3 2 2 2
[1777] 3 2 3 3 1 3 1 1 1 2 2 2 2 3 2 3 2 3 1 1 1 1 3 2 3 3 3 2 3 3 3 3 2 2 1 1 1
[1814] 1 1 1 1 2 2 1 3 3 3 2 3 2 2 2 3 3 3 1 3 2 3 2 2 2 2 3 3 3 2 3 3 2 2 2 3 2
[1851] 2 2 2 2 2 3 2 2 2 1 1 1 1 1 3 1 1 1 3 1 1 3 3 3 3 2 3 1 1 3 2 3 2 3 2 3 3
[1888] 2 3 2 3 3 2 1 1 1 1 3 3 2 2 3 1 1 1 3 3 3 1 1 1 3 3 1 1 1 2 3 3 3 3 3 3 2
[1925] 3 3 2 2 3 1 1 1 3 3 3 3 3 1 1 3 3 3 3 1 1 1 1 3 3 3 3 3 1 1 3 3 3 3 3 3 3
[1962] 3 3 1 1 1 3 1 1 3 3 3 3 3 3 1 1 3 3 3 3 3 3 1 1 1 3 3 3 3 3 3 3 2 3 3 2 2
[1999] 3 2 2 2 2 3 2 3 2 3 1 1 1 2 3 3 2 2 3 2 3 2 2 2 2 2 3 3 2 3 2 3 2 3 1 2 1
[2036] 1 1 1 1 3 2 1 2 3 2 2 3 3 3 2 3 2 2 2 2 3 3 3 2 2 2 3 3 3 3 2 3 1 1 1 1 2
[2073] 2 3 3 2 2 3 3 2 2 2 2 2 2 3 1 1 3 3 2 1 2 2 2 2 2 3 3 3 3 2 3 2 2 2 2 3 3
[2110] 2 1 1 1 1 3 3 3 3 3 3 3 3 2 2 2 2 3 2 2 2 2 2 3 3 2 2 2 3 2 1 1 1 2 3

Within cluster sum of squares by cluster:
[1] 3859.579 5451.201 3840.049
 (between_SS / total_SS =  48.2 %)

Available components:

[1] "cluster"      "centers"      "totss"        "withinss"     "tot.withinss"
[6] "betweenss"    "size"         "iter"         "ifault"      
[1] "Matrice des scores par cluster:"
           1         2          3
 A -2.031027 -2.384664 -0.8266684
 C -2.807355 -1.485427 -1.0000000
 D -1.538420 -2.230298 -1.1758498
 E -1.706269 -2.146841 -1.1468414
 F -2.392317 -1.691878 -1.0000000
 G -1.053111 -3.205114 -1.2875766
 H -1.736966 -2.000000 -1.1520031
 I -2.777608 -1.884523 -0.7269815
 K -2.032421 -1.684498 -1.0995357
 L -2.772590 -1.833990 -0.8029632
 M -1.947533 -1.947533 -1.1699250
 N -1.533432 -2.459432 -1.1375035
 P -1.652077 -2.289507 -1.0671142
 Q -2.078003 -2.440573 -0.8556101
 R -2.256340 -1.966833 -0.9027028
 S -1.373458 -2.247928 -1.3093281
 T -2.373458 -2.373458 -0.7036070
 V -3.000000 -1.777608 -0.7776076
 W -2.169925 -1.362570 -1.1699250
 Y -2.247928 -2.247928 -0.8556101
  cluster size ave.sil.width
1       1  734          0.40
2       2  567          0.36
3       3  843          0.00
     cluster neighbor     sil_width
675        2        3 -0.0024110149
922        2        1 -0.0077879819
2111       2        1 -0.0082325648
840        2        1 -0.0116798331
1429       2        1 -0.0126917375
470        2        1 -0.0136307479
472        2        1 -0.0164305000
1451       2        1 -0.0203822894
934        2        1 -0.0248899047
921        2        1 -0.0267297858
1932       2        1 -0.0271523641
590        2        1 -0.0286549603
585        2        1 -0.0295892195
471        2        1 -0.0346618620
841        2        1 -0.0357689078
839        2        1 -0.0413173920
998        2        1 -0.0451025273
894        2        1 -0.0530932480
1527       2        1 -0.0539693090
1265       2        1 -0.0664780085
584        2        1 -0.0705342004
290        2        1 -0.0718016269
1985       2        1 -0.0734047090
469        2        1 -0.0764481474
1984       2        1 -0.0785956957
771        2        1 -0.0816589970
674        2        1 -0.0820308113
245        2        1 -0.0821863312
351        2        1 -0.0852636130
1529       2        1 -0.0893542085
895        2        1 -0.0926612428
468        2        1 -0.0938478613
673        2        1 -0.0938478613
2113       2        1 -0.0943421787
772        2        1 -0.0974379209
2112       2        1 -0.0979302830
1171       2        1 -0.0985715337
1436       2        1 -0.1001864288
1931       2        1 -0.1065220970
289        2        1 -0.1066215083
586        2        1 -0.1182127377
291        2        1 -0.1227419225
1986       2        1 -0.1245753631
268        2        1 -0.1246702277
269        2        1 -0.1257865972
1165       2        1 -0.1262419726
352        2        1 -0.1284316393
770        2        1 -0.1286177817
267        2        1 -0.1360028083
1933       2        1 -0.1364410730
353        2        1 -0.1371577836
923        2        1 -0.1371577836
551        3        1 -0.0006352469
535        3        1 -0.0006553614
1155       3        1 -0.0015810947
503        3        1 -0.0033411435
1410       3        1 -0.0040765835
1123       3        1 -0.0049659241
893        3        2 -0.0055176828
1146       3        1 -0.0067901336
1568       3        1 -0.0076650950
873        3        1 -0.0083851195
1727       3        1 -0.0095703271
1118       3        1 -0.0101508110
2118       3        1 -0.0109187957
1351       3        1 -0.0110513380
241        3        1 -0.0128670243
1654       3        1 -0.0129355550
152        3        1 -0.0134648380
635        3        1 -0.0139382936
973        3        1 -0.0150160079
2031       3        1 -0.0150870902
1104       3        1 -0.0154493110
1285       3        1 -0.0162188607
1287       3        1 -0.0163831864
647        3        1 -0.0165463487
459        3        1 -0.0171762448
1173       3        2 -0.0172398504
1029       3        1 -0.0173128747
1768       3        1 -0.0176557467
1037       3        1 -0.0187462686
1396       3        1 -0.0188106859
1315       3        1 -0.0212592270
1608       3        1 -0.0219621585
1918       3        1 -0.0219864542
1280       3        1 -0.0221910967
1890       3        1 -0.0222788474
474        3        1 -0.0235231901
1414       3        1 -0.0240157789
185        3        1 -0.0251756582
1551       3        1 -0.0255094499
1044       3        1 -0.0266417050
1432       3        1 -0.0275294601
1923       3        1 -0.0287984970
465        3        1 -0.0298515589
1362       3        1 -0.0314608219
1224       3        1 -0.0322080934
1720       3        1 -0.0322778615
869        3        1 -0.0325747166
2028       3        1 -0.0333244598
2050       3        1 -0.0336945120
2019       3        1 -0.0337373487
183        3        1 -0.0351051722
2029       3        1 -0.0354229218
1888       3        1 -0.0356079787
1324       3        1 -0.0362344927
634        3        1 -0.0366634396
1999       3        1 -0.0368743729
2041       3        1 -0.0372419131
2138       3        1 -0.0380387863
2122       3        1 -0.0385353612
226        3        1 -0.0386819282
2072       3        1 -0.0393370761
955        3        1 -0.0403528438
153        3        1 -0.0411637550
1395       3        1 -0.0414143835
1764       3        1 -0.0431246524
1098       3        1 -0.0468410710
581        3        1 -0.0472938029
832        3        1 -0.0474245494
1869       3        1 -0.0479493503
626        3        1 -0.0481093045
1390       3        1 -0.0494427882
124        3        1 -0.0495887423
2008       3        1 -0.0504627308
1792       3        1 -0.0513078863
842        3        1 -0.0527618740
2133       3        1 -0.0527789387
1752       3        1 -0.0534257484
1379       3        1 -0.0578190529
1408       3        1 -0.0578853489
896        3        1 -0.0588981883
1253       3        1 -0.0589791996
929        3        1 -0.0595593865
558        3        1 -0.0601787415
168        3        1 -0.0616699267
868        3        1 -0.0645821588
437        3        1 -0.0651267533
460        3        1 -0.0666928452
1405       3        1 -0.0667492994
1808       3        1 -0.0693518350
903        3        1 -0.0698841077
1377       3        1 -0.0712460272
1250       3        1 -0.0716269232
1014       3        1 -0.0721037719
59         3        1 -0.0763421643
1433       3        1 -0.0783445078
129        3        1 -0.0784844070
1902       3        1 -0.0786651609
1397       3        1 -0.0787910891
1655       3        1 -0.0794915021
1708       3        1 -0.0796125214
1754       3        1 -0.0801689095
866        3        1 -0.0834651136
1421       3        1 -0.0836136666
959        3        1 -0.0840222540
1065       3        1 -0.0842549402
822        3        1 -0.0847084114
212        3        1 -0.0851218290
2067       3        1 -0.0855937382
116        3        1 -0.0860308109
1075       3        1 -0.0870239754
227        3        1 -0.0878042423
136        3        1 -0.0879145408
1718       3        1 -0.0913073404
1411       3        1 -0.0913705277
1133       3        1 -0.0916363009
149        3        1 -0.0919668183
170        3        1 -0.0922031512
1081       3        1 -0.0922681565
1689       3        1 -0.0929098928
100        3        1 -0.0929681948
2078       3        1 -0.0938483982
598        3        1 -0.0939473792
2098       3        1 -0.0944444678
2117       3        1 -0.0951346081
1237       3        1 -0.0951379723
662        3        1 -0.0951812716
1241       3        1 -0.0954426607
1431       3        1 -0.0963459990
1242       3        1 -0.0968341671
1238       3        1 -0.0969884504
1919       3        1 -0.0972531758
1132       3        1 -0.0976650433
513        3        1 -0.0985089548
505        3        1 -0.0990927566
1759       3        1 -0.0992157886
712        3        1 -0.0999984440
1550       3        1 -0.1018009885
1013       3        1 -0.1031470812
221        3        1 -0.1042480713
550        3        1 -0.1048848179
1264       3        1 -0.1056206058
1027       3        1 -0.1070751875
1606       3        1 -0.1072531472
419        3        1 -0.1085857428
1229       3        1 -0.1095931324
831        3        1 -0.1103979424
1303       3        1 -0.1107596486
1676       3        1 -0.1118087434
1077       3        1 -0.1118720839
1728       3        1 -0.1122896554
128        3        1 -0.1129598175
1435       3        1 -0.1130314984
1015       3        1 -0.1139839480
2099       3        1 -0.1140960209
1443       3        1 -0.1141108643
1233       3        1 -0.1142041861
1912       3        1 -0.1148795080
1291       3        1 -0.1150295791
2025       3        1 -0.1157843375
1677       3        1 -0.1158973896
1086       3        1 -0.1169657057
1223       3        1 -0.1174651898
518        3        1 -0.1174656918
1701       3        1 -0.1176340367
1830       3        1 -0.1180606183
1124       3        1 -0.1196395300
205        3        1 -0.1200576486
1577       3        1 -0.1202832955
1872       3        1 -0.1206866334
975        3        1 -0.1210250157
1140       3        1 -0.1211018470
1424       3        1 -0.1211993017
61         3        1 -0.1213868221
906        3        1 -0.1215641729
1807       3        1 -0.1215662602
1455       3        1 -0.1223704517
1182       3        1 -0.1229120123
524        3        1 -0.1233698163
1307       3        1 -0.1235014758
1312       3        1 -0.1241435931
1185       3        1 -0.1243388298
122        3        1 -0.1251262761
1770       3        1 -0.1254830451
1100       3        1 -0.1262101829
1629       3        1 -0.1283556687
1841       3        1 -0.1286649517
819        3        1 -0.1292445467
1158       3        1 -0.1295443511
1412       3        1 -0.1296343487
529        3        1 -0.1306317335
1374       3        1 -0.1328310545
1213       3        1 -0.1343408486
2065       3        1 -0.1357086836
945        3        1 -0.1357964030
1301       3        1 -0.1360766340
2063       3        1 -0.1362041814
1323       3        1 -0.1368424603
1604       3        1 -0.1368892721
1169       3        1 -0.1374505171
1147       3        1 -0.1384610420
171        3        1 -0.1385204557
1226       3        1 -0.1396264747
1048       3        1 -0.1397744424
426        3        1 -0.1399329950
51         3        1 -0.1406005621
1645       3        1 -0.1422636020
656        3        1 -0.1424511393
2017       3        1 -0.1437282440
1887       3        1 -0.1441058924
1392       3        1 -0.1443831803
668        3        1 -0.1450239740
1322       3        1 -0.1459516681
898        3        1 -0.1472507482
1248       3        1 -0.1478924063
1183       3        1 -0.1480339896
1258       3        1 -0.1501180216
1648       3        1 -0.1501605931
1801       3        1 -0.1504413088
1873       3        1 -0.1510227366
1304       3        1 -0.1511467988
481        3        1 -0.1516026430
1243       3        1 -0.1528598166
1835       3        1 -0.1531763002
1109       3        1 -0.1536230657
2134       3        1 -0.1537114945
1011       3        1 -0.1539197316
462        3        1 -0.1542079517
2127       3        1 -0.1548591715
2119       3        1 -0.1550431066
835        3        1 -0.1554405712
1135       3        1 -0.1572476851
502        3        1 -0.1574642268
2116       3        1 -0.1589724058
858        3        1 -0.1592959719
1380       3        1 -0.1596607931
1114       3        1 -0.1597973550
1189       3        1 -0.1602832033
428        3        1 -0.1603280675
2006       3        1 -0.1606547821
539        3        1 -0.1615361232
86         3        1 -0.1641147436
1444       3        1 -0.1641898225
1631       3        1 -0.1642475985
1246       3        1 -0.1657628145
861        3        1 -0.1657782123
1710       3        1 -0.1664169693
649        3        1 -0.1689599797
900        3        1 -0.1692914720
1206       3        1 -0.1697985321
706        3        1 -0.1702687887
1799       3        1 -0.1718421521
1790       3        1 -0.1720693033
1762       3        1 -0.1727582487
2014       3        1 -0.1734491486
1042       3        1 -0.1736977025
1175       3        1 -0.1760591299
1053       3        1 -0.1761539444
1276       3        1 -0.1783987250
857        3        1 -0.1793025500
173        3        1 -0.1793555075
2004       3        1 -0.1796394028
179        3        1 -0.1797795443
876        3        1 -0.1798987088
1595       3        1 -0.1809903908
93         3        1 -0.1817148042
944        3        1 -0.1823945087
2100       3        1 -0.1824583116
445        3        1 -0.1824927104
990        3        1 -0.1831987396
203        3        1 -0.1834713503
619        3        1 -0.1835900584
215        3        1 -0.1837909569
103        3        1 -0.1855468214
833        3        1 -0.1874598305
862        3        1 -0.1876086792
2089       3        1 -0.1880098126
1028       3        1 -0.1880803654
648        3        1 -0.1906113112
1192       3        1 -0.1907711423
1290       3        1 -0.1914411279
569        3        1 -0.1942494007
575        3        1 -0.1946797169
1038       3        1 -0.1948419615
1354       3        1 -0.1954142975
1892       3        1 -0.1958154857
1581       3        1 -0.1959741398
455        3        1 -0.1981224788
1889       3        1 -0.2003461779
2040       3        1 -0.2004192203
2121       3        1 -0.2013384755
1333       3        1 -0.2014260243
948        3        1 -0.2017150383
2047       3        1 -0.2026651944
1381       3        1 -0.2028348919
707        3        1 -0.2029237229
556        3        1 -0.2052043967
71         3        1 -0.2053079189
1782       3        1 -0.2066256700
901        3        1 -0.2066639245
175        3        1 -0.2070013959
1188       3        1 -0.2073489523
1032       3        1 -0.2074086211
628        3        1 -0.2095282713
88         3        1 -0.2098784920
1359       3        1 -0.2103568757
1522       3        1 -0.2104947771
574        3        1 -0.2109548769
1196       3        1 -0.2112135069
1419       3        1 -0.2125263752
219        3        1 -0.2141117368
1761       3        1 -0.2142420375
566        3        1 -0.2150939696
720        3        1 -0.2150952681
1913       3        1 -0.2155147001
957        3        1 -0.2157685263
899        3        1 -0.2160405206
118        3        1 -0.2169077092
1363       3        1 -0.2179341979
853        3        1 -0.2188798557
2048       3        1 -0.2197179181
1371       3        1 -0.2206303493
1844       3        1 -0.2212994691
105        3        1 -0.2248826667
1234       3        1 -0.2254924966
650        3        1 -0.2255677484
1562       3        1 -0.2258309359
222        3        1 -0.2262230665
517        3        1 -0.2272301341
498        3        1 -0.2290762754
1823       3        1 -0.2294255394
223        3        1 -0.2294960907
718        3        1 -0.2302915813
1201       3        1 -0.2308985877
1353       3        1 -0.2334125786
2032       3        1 -0.2343183198
506        3        1 -0.2349744795
2079       3        1 -0.2392401984
1205       3        1 -0.2428519197
1256       3        1 -0.2434771153
1257       3        1 -0.2447649427
534        3        1 -0.2462909942
605        3        1 -0.2487953808
1693       3        1 -0.2501188818
1906       3        1 -0.2507088942
1080       3        1 -0.2509397952
629        3        1 -0.2515549363
846        3        1 -0.2522765571
1829       3        1 -0.2573332179
1760       3        1 -0.2596645374
1453       3        1 -0.2598631328
1891       3        1 -0.2605177686
1833       3        1 -0.2613715212
653        3        1 -0.2680661571
1665       3        1 -0.2718250304
2109       3        1 -0.2723914170
951        3        1 -0.2791921929
1926       3        1 -0.2799330359
2086       3        1 -0.2802931145
2120       3        1 -0.2807744688
1697       3        1 -0.2822724695
1582       3        1 -0.2831433212
1220       3        1 -0.2874701814
1030       3        1 -0.2880336079
2058       3        1 -0.2893357449
1865       3        1 -0.2909657075
854        3        1 -0.2913403713
2108       3        1 -0.2916384006
1222       3        1 -0.2917907448
1637       3        1 -0.2924570168
1840       3        1 -0.2931834999
2056       3        1 -0.2953802955
1875       3        1 -0.2965830382
1218       3        1 -0.2983472863
2030       3        1 -0.2995300146
2049       3        1 -0.3000569755
507        3        1 -0.3003797515
1874       3        1 -0.3039131129
2062       3        1 -0.3041314129
703        3        1 -0.3055440409
1308       3        1 -0.3081619725
1102       3        1 -0.3083159436
1137       3        1 -0.3098446125
1845       3        1 -0.3100147820
1695       3        1 -0.3106402897
704        3        1 -0.3126593897
1046       3        1 -0.3139185893
1317       3        1 -0.3163267485
448        3        1 -0.3216636570
967        3        1 -0.3223487370
1019       3        1 -0.3235970182
1831       3        1 -0.3418804288
870        3        1 -0.3493326441
1082       3        1 -0.3493326441
[1] "Matrice des scores par cluster:"
           1         2         3
 A -1.696608 -2.031027 -1.162271
 C -1.222392 -2.807355 -1.222392
 D -1.682810 -1.538420 -1.538420
 E -1.632268 -1.706269 -1.430634
 F -1.485427 -2.392317 -1.144390
 G -1.915608 -1.017487 -2.053111
 H -1.514573 -1.736966 -1.514573
 I -1.192645 -2.777608 -1.263034
 K -1.584963 -2.032421 -1.169925
 L -1.499571 -2.772590 -1.000000
 M -1.754888 -1.947533 -1.295456
 N -1.874469 -1.533432 -1.389042
 P -1.371969 -1.652077 -1.758992
 Q -1.662965 -2.078003 -1.247928
 R -1.618910 -2.256340 -1.104337
 S -1.832890 -1.373458 -1.584963
 T -1.132450 -2.373458 -1.510962
 V -1.362570 -3.000000 -1.040642
 W -1.362570 -2.169925 -1.362570
 Y -1.247928 -2.078003 -1.547488
null device 
          1 
[1] "Séquence prédites:"
  [1] " E" " E" " A" " A" " A" " E" " A" " A" " E" " A" " A" " A" " A" " A" " A"
 [16] " A" " E" " A" " A" " A" " A" " A" " A" " A" " A" " A" " A" " A" " A" " E"
 [31] " A" " A" " A" " A" " A" " A" " E" " A" " A" " E" " A" " A" " E" " E" " A"
 [46] " G" " E" " A" " E" " A" " A" " E" " A" " A" " A" " G" " A" " E" " E" " A"
 [61] " E" " A" " A" " A" " E" " E" " A" " A" " A" " A" " A" " A" " A" " A" " A"
 [76] " E" " A" " A" " E" " A" " A" " E" " E" " A" " A" " A" " E" " A" " A" " E"
 [91] " A" " A" " A" " E" " E" " A" " E" " A" " E" " A" " E" " A" " A" " E" " A"
[106] " A" " A" " A" " A" " A" " A" " E" " A" " A" " A" " A" " A" " A" " A" " E"
[121] " E" " A" " A" " E" " E" " A" " A" " A" " A" " A" " A" " A" " A" " A" " E"
[136] " A" " A" " A" " E" " A" " A" " A" " E" " A" " A" " E"
[1] "Vérification de la validité du modèle en l'alignant sur nos données de test."
    
vec   A  C  D  E  F  G  H  I  K  L  M  N  P  Q  R  S  T  V  W  Y
   A 17  3  3  2  8  6  3  6  3 18  0  5  3  3  0  4  5 11  3  2
   E  0  0  4  4  0  0  4  1  7  0  1  2  2  2  6  3  1  1  1  0
   G  0  0  0  0  0  2  0  0  0  0  0  0  0  0  0  0  0  0  0  0
null device 
          1 
('dico structure IIaire :', {'B': 1, 'E': 2, 'G': 3, 'I': 4, 'H': 0, '-': 7, 'S': 6, 'T': 5})
('dico structure IIaire :', {'B': 1, 'E': 2, 'G': 3, 'I': 4, 'H': 0, '-': 7, 'S': 6, 'T': 5})
Duree du programme : 147.40 secondes
